Performing C++ SOURCE FILE Test COMPILER_SUPPORT_Wshorten64to32 failed with the following output:
Change Dir: /Users/xos81802/CLionProjects/aligner/src/eigen-eigen-323c052e1731/build/CMakeFiles/CMakeTmp

Run Build Command(s):/usr/bin/make cmTC_bd597/fast && /Applications/Xcode.app/Contents/Developer/usr/bin/make -f CMakeFiles/cmTC_bd597.dir/build.make CMakeFiles/cmTC_bd597.dir/build
Building CXX object CMakeFiles/cmTC_bd597.dir/src.cxx.o
/usr/local/Cellar/gcc/8.3.0_2/bin/g++-8    -std=c++03 -pedantic -Wall -Wextra -Wundef -Wcast-align -Wchar-subscripts -Wnon-virtual-dtor -Wunused-local-typedefs -Wpointer-arith -Wwrite-strings -Wformat-security -DCOMPILER_SUPPORT_Wshorten64to32 -Werror   -Wshorten-64-to-32 -o CMakeFiles/cmTC_bd597.dir/src.cxx.o -c /Users/xos81802/CLionProjects/aligner/src/eigen-eigen-323c052e1731/build/CMakeFiles/CMakeTmp/src.cxx
g++-8: error: unrecognized command line option '-Wshorten-64-to-32'
make[1]: *** [CMakeFiles/cmTC_bd597.dir/src.cxx.o] Error 1
make: *** [cmTC_bd597/fast] Error 2


Source file was:
int main() { return 0; }
Performing C++ SOURCE FILE Test COMPILER_SUPPORT_Wenumconversion failed with the following output:
Change Dir: /Users/xos81802/CLionProjects/aligner/src/eigen-eigen-323c052e1731/build/CMakeFiles/CMakeTmp

Run Build Command(s):/usr/bin/make cmTC_b14f7/fast && /Applications/Xcode.app/Contents/Developer/usr/bin/make -f CMakeFiles/cmTC_b14f7.dir/build.make CMakeFiles/cmTC_b14f7.dir/build
Building CXX object CMakeFiles/cmTC_b14f7.dir/src.cxx.o
/usr/local/Cellar/gcc/8.3.0_2/bin/g++-8    -std=c++03 -pedantic -Wall -Wextra -Wundef -Wcast-align -Wchar-subscripts -Wnon-virtual-dtor -Wunused-local-typedefs -Wpointer-arith -Wwrite-strings -Wformat-security -Wlogical-op -DCOMPILER_SUPPORT_Wenumconversion -Werror   -Wenum-conversion -o CMakeFiles/cmTC_b14f7.dir/src.cxx.o -c /Users/xos81802/CLionProjects/aligner/src/eigen-eigen-323c052e1731/build/CMakeFiles/CMakeTmp/src.cxx
g++-8: error: unrecognized command line option '-Wenum-conversion'; did you mean '-Wno-conversion'?
make[1]: *** [CMakeFiles/cmTC_b14f7.dir/src.cxx.o] Error 1
make: *** [cmTC_b14f7/fast] Error 2


Source file was:
int main() { return 0; }
Performing C++ SOURCE FILE Test COMPILER_SUPPORT_Wcpp11extensions failed with the following output:
Change Dir: /Users/xos81802/CLionProjects/aligner/src/eigen-eigen-323c052e1731/build/CMakeFiles/CMakeTmp

Run Build Command(s):/usr/bin/make cmTC_6a296/fast && /Applications/Xcode.app/Contents/Developer/usr/bin/make -f CMakeFiles/cmTC_6a296.dir/build.make CMakeFiles/cmTC_6a296.dir/build
Building CXX object CMakeFiles/cmTC_6a296.dir/src.cxx.o
/usr/local/Cellar/gcc/8.3.0_2/bin/g++-8    -std=c++03 -pedantic -Wall -Wextra -Wundef -Wcast-align -Wchar-subscripts -Wnon-virtual-dtor -Wunused-local-typedefs -Wpointer-arith -Wwrite-strings -Wformat-security -Wlogical-op -DCOMPILER_SUPPORT_Wcpp11extensions -Werror   -Wc++11-extensions -o CMakeFiles/cmTC_6a296.dir/src.cxx.o -c /Users/xos81802/CLionProjects/aligner/src/eigen-eigen-323c052e1731/build/CMakeFiles/CMakeTmp/src.cxx
g++-8: error: unrecognized command line option '-Wc++11-extensions'; did you mean '-fms-extensions'?
make[1]: *** [CMakeFiles/cmTC_6a296.dir/src.cxx.o] Error 1
make: *** [cmTC_6a296/fast] Error 2


Source file was:
int main() { return 0; }
Performing C++ SOURCE FILE Test COMPILER_SUPPORT_wd981 failed with the following output:
Change Dir: /Users/xos81802/CLionProjects/aligner/src/eigen-eigen-323c052e1731/build/CMakeFiles/CMakeTmp

Run Build Command(s):/usr/bin/make cmTC_329fb/fast && /Applications/Xcode.app/Contents/Developer/usr/bin/make -f CMakeFiles/cmTC_329fb.dir/build.make CMakeFiles/cmTC_329fb.dir/build
Building CXX object CMakeFiles/cmTC_329fb.dir/src.cxx.o
/usr/local/Cellar/gcc/8.3.0_2/bin/g++-8    -std=c++03 -pedantic -Wall -Wextra -Wundef -Wcast-align -Wchar-subscripts -Wnon-virtual-dtor -Wunused-local-typedefs -Wpointer-arith -Wwrite-strings -Wformat-security -Wlogical-op -Wdouble-promotion -Wno-psabi -Wno-variadic-macros -Wno-long-long -fno-check-new -fno-common -fstrict-aliasing -DCOMPILER_SUPPORT_wd981 -Werror   -wd981 -o CMakeFiles/cmTC_329fb.dir/src.cxx.o -c /Users/xos81802/CLionProjects/aligner/src/eigen-eigen-323c052e1731/build/CMakeFiles/CMakeTmp/src.cxx
g++-8: error: unrecognized command line option '-wd981'
make[1]: *** [CMakeFiles/cmTC_329fb.dir/src.cxx.o] Error 1
make: *** [cmTC_329fb/fast] Error 2


Source file was:
int main() { return 0; }
Performing C++ SOURCE FILE Test COMPILER_SUPPORT_wd2304 failed with the following output:
Change Dir: /Users/xos81802/CLionProjects/aligner/src/eigen-eigen-323c052e1731/build/CMakeFiles/CMakeTmp

Run Build Command(s):/usr/bin/make cmTC_91d9e/fast && /Applications/Xcode.app/Contents/Developer/usr/bin/make -f CMakeFiles/cmTC_91d9e.dir/build.make CMakeFiles/cmTC_91d9e.dir/build
Building CXX object CMakeFiles/cmTC_91d9e.dir/src.cxx.o
/usr/local/Cellar/gcc/8.3.0_2/bin/g++-8    -std=c++03 -pedantic -Wall -Wextra -Wundef -Wcast-align -Wchar-subscripts -Wnon-virtual-dtor -Wunused-local-typedefs -Wpointer-arith -Wwrite-strings -Wformat-security -Wlogical-op -Wdouble-promotion -Wno-psabi -Wno-variadic-macros -Wno-long-long -fno-check-new -fno-common -fstrict-aliasing -DCOMPILER_SUPPORT_wd2304 -Werror   -wd2304 -o CMakeFiles/cmTC_91d9e.dir/src.cxx.o -c /Users/xos81802/CLionProjects/aligner/src/eigen-eigen-323c052e1731/build/CMakeFiles/CMakeTmp/src.cxx
g++-8: error: unrecognized command line option '-wd2304'
make[1]: *** [CMakeFiles/cmTC_91d9e.dir/src.cxx.o] Error 1
make: *** [cmTC_91d9e/fast] Error 2


Source file was:
int main() { return 0; }
Performing C++ SOURCE FILE Test COMPILER_SUPPORT_STRICTANSI failed with the following output:
Change Dir: /Users/xos81802/CLionProjects/aligner/src/eigen-eigen-323c052e1731/build/CMakeFiles/CMakeTmp

Run Build Command(s):/usr/bin/make cmTC_9b292/fast && /Applications/Xcode.app/Contents/Developer/usr/bin/make -f CMakeFiles/cmTC_9b292.dir/build.make CMakeFiles/cmTC_9b292.dir/build
Building CXX object CMakeFiles/cmTC_9b292.dir/src.cxx.o
/usr/local/Cellar/gcc/8.3.0_2/bin/g++-8    -std=c++03 -pedantic -Wall -Wextra -Wundef -Wcast-align -Wchar-subscripts -Wnon-virtual-dtor -Wunused-local-typedefs -Wpointer-arith -Wwrite-strings -Wformat-security -Wlogical-op -Wdouble-promotion -Wno-psabi -Wno-variadic-macros -Wno-long-long -fno-check-new -fno-common -fstrict-aliasing -DCOMPILER_SUPPORT_STRICTANSI -Werror   -strict-ansi -o CMakeFiles/cmTC_9b292.dir/src.cxx.o -c /Users/xos81802/CLionProjects/aligner/src/eigen-eigen-323c052e1731/build/CMakeFiles/CMakeTmp/src.cxx
g++-8: error: unrecognized command line option '-strict-ansi'; did you mean '-fstrict-enums'?
make[1]: *** [CMakeFiles/cmTC_9b292.dir/src.cxx.o] Error 1
make: *** [cmTC_9b292/fast] Error 2


Source file was:
int main() { return 0; }
Performing C++ SOURCE FILE Test COMPILER_SUPPORT_Qunusedarguments failed with the following output:
Change Dir: /Users/xos81802/CLionProjects/aligner/src/eigen-eigen-323c052e1731/build/CMakeFiles/CMakeTmp

Run Build Command(s):/usr/bin/make cmTC_8039e/fast && /Applications/Xcode.app/Contents/Developer/usr/bin/make -f CMakeFiles/cmTC_8039e.dir/build.make CMakeFiles/cmTC_8039e.dir/build
Building CXX object CMakeFiles/cmTC_8039e.dir/src.cxx.o
/usr/local/Cellar/gcc/8.3.0_2/bin/g++-8    -std=c++03 -pedantic -Wall -Wextra -Wundef -Wcast-align -Wchar-subscripts -Wnon-virtual-dtor -Wunused-local-typedefs -Wpointer-arith -Wwrite-strings -Wformat-security -Wlogical-op -Wdouble-promotion -Wno-psabi -Wno-variadic-macros -Wno-long-long -fno-check-new -fno-common -fstrict-aliasing -DCOMPILER_SUPPORT_Qunusedarguments -Werror   -Qunused-arguments -o CMakeFiles/cmTC_8039e.dir/src.cxx.o -c /Users/xos81802/CLionProjects/aligner/src/eigen-eigen-323c052e1731/build/CMakeFiles/CMakeTmp/src.cxx
g++-8: error: unrecognized command line option '-Qunused-arguments'; did you mean '-Wunused-parameter'?
make[1]: *** [CMakeFiles/cmTC_8039e.dir/src.cxx.o] Error 1
make: *** [cmTC_8039e/fast] Error 2


Source file was:
int main() { return 0; }
Determining if the Q_WS_X11 exist failed with the following output:
Change Dir: /Users/xos81802/CLionProjects/aligner/src/eigen-eigen-323c052e1731/build/CMakeFiles/CMakeTmp

Run Build Command(s):/usr/bin/make cmTC_88a73/fast && /Applications/Xcode.app/Contents/Developer/usr/bin/make -f CMakeFiles/cmTC_88a73.dir/build.make CMakeFiles/cmTC_88a73.dir/build
Building CXX object CMakeFiles/cmTC_88a73.dir/CheckSymbolExists.cxx.o
/usr/local/Cellar/gcc/8.3.0_2/bin/g++-8   -I/Users/xos81802/EMAN2/include/qt  -std=c++03 -pedantic -Wall -Wextra -Wundef -Wcast-align -Wchar-subscripts -Wnon-virtual-dtor -Wunused-local-typedefs -Wpointer-arith -Wwrite-strings -Wformat-security -Wlogical-op -Wdouble-promotion -Wno-psabi -Wno-variadic-macros -Wno-long-long -fno-check-new -fno-common -fstrict-aliasing -ansi    -o CMakeFiles/cmTC_88a73.dir/CheckSymbolExists.cxx.o -c /Users/xos81802/CLionProjects/aligner/src/eigen-eigen-323c052e1731/build/CMakeFiles/CMakeTmp/CheckSymbolExists.cxx
/Users/xos81802/CLionProjects/aligner/src/eigen-eigen-323c052e1731/build/CMakeFiles/CMakeTmp/CheckSymbolExists.cxx: In function 'int main(int, char**)':
/Users/xos81802/CLionProjects/aligner/src/eigen-eigen-323c052e1731/build/CMakeFiles/CMakeTmp/CheckSymbolExists.cxx:8:19: error: 'Q_WS_X11' was not declared in this scope
   return ((int*)(&Q_WS_X11))[argc];
                   ^~~~~~~~
/Users/xos81802/CLionProjects/aligner/src/eigen-eigen-323c052e1731/build/CMakeFiles/CMakeTmp/CheckSymbolExists.cxx:8:19: note: suggested alternative: 'Q_WS_MAC'
   return ((int*)(&Q_WS_X11))[argc];
                   ^~~~~~~~
                   Q_WS_MAC
make[1]: *** [CMakeFiles/cmTC_88a73.dir/CheckSymbolExists.cxx.o] Error 1
make: *** [cmTC_88a73/fast] Error 2


File /Users/xos81802/CLionProjects/aligner/src/eigen-eigen-323c052e1731/build/CMakeFiles/CMakeTmp/CheckSymbolExists.cxx:
/* */
#include <QtCore/qglobal.h>

int main(int argc, char** argv)
{
  (void)argv;
#ifndef Q_WS_X11
  return ((int*)(&Q_WS_X11))[argc];
#else
  (void)argc;
  return 0;
#endif
}

Determining if the Q_WS_WIN exist failed with the following output:
Change Dir: /Users/xos81802/CLionProjects/aligner/src/eigen-eigen-323c052e1731/build/CMakeFiles/CMakeTmp

Run Build Command(s):/usr/bin/make cmTC_769a5/fast && /Applications/Xcode.app/Contents/Developer/usr/bin/make -f CMakeFiles/cmTC_769a5.dir/build.make CMakeFiles/cmTC_769a5.dir/build
Building CXX object CMakeFiles/cmTC_769a5.dir/CheckSymbolExists.cxx.o
/usr/local/Cellar/gcc/8.3.0_2/bin/g++-8   -I/Users/xos81802/EMAN2/include/qt  -std=c++03 -pedantic -Wall -Wextra -Wundef -Wcast-align -Wchar-subscripts -Wnon-virtual-dtor -Wunused-local-typedefs -Wpointer-arith -Wwrite-strings -Wformat-security -Wlogical-op -Wdouble-promotion -Wno-psabi -Wno-variadic-macros -Wno-long-long -fno-check-new -fno-common -fstrict-aliasing -ansi    -o CMakeFiles/cmTC_769a5.dir/CheckSymbolExists.cxx.o -c /Users/xos81802/CLionProjects/aligner/src/eigen-eigen-323c052e1731/build/CMakeFiles/CMakeTmp/CheckSymbolExists.cxx
/Users/xos81802/CLionProjects/aligner/src/eigen-eigen-323c052e1731/build/CMakeFiles/CMakeTmp/CheckSymbolExists.cxx: In function 'int main(int, char**)':
/Users/xos81802/CLionProjects/aligner/src/eigen-eigen-323c052e1731/build/CMakeFiles/CMakeTmp/CheckSymbolExists.cxx:8:19: error: 'Q_WS_WIN' was not declared in this scope
   return ((int*)(&Q_WS_WIN))[argc];
                   ^~~~~~~~
/Users/xos81802/CLionProjects/aligner/src/eigen-eigen-323c052e1731/build/CMakeFiles/CMakeTmp/CheckSymbolExists.cxx:8:19: note: suggested alternative: 'Q_WS_MAC'
   return ((int*)(&Q_WS_WIN))[argc];
                   ^~~~~~~~
                   Q_WS_MAC
make[1]: *** [CMakeFiles/cmTC_769a5.dir/CheckSymbolExists.cxx.o] Error 1
make: *** [cmTC_769a5/fast] Error 2


File /Users/xos81802/CLionProjects/aligner/src/eigen-eigen-323c052e1731/build/CMakeFiles/CMakeTmp/CheckSymbolExists.cxx:
/* */
#include <QtCore/qglobal.h>

int main(int argc, char** argv)
{
  (void)argv;
#ifndef Q_WS_WIN
  return ((int*)(&Q_WS_WIN))[argc];
#else
  (void)argc;
  return 0;
#endif
}

Determining if the Q_WS_QWS exist failed with the following output:
Change Dir: /Users/xos81802/CLionProjects/aligner/src/eigen-eigen-323c052e1731/build/CMakeFiles/CMakeTmp

Run Build Command(s):/usr/bin/make cmTC_a90fa/fast && /Applications/Xcode.app/Contents/Developer/usr/bin/make -f CMakeFiles/cmTC_a90fa.dir/build.make CMakeFiles/cmTC_a90fa.dir/build
Building CXX object CMakeFiles/cmTC_a90fa.dir/CheckSymbolExists.cxx.o
/usr/local/Cellar/gcc/8.3.0_2/bin/g++-8   -I/Users/xos81802/EMAN2/include/qt  -std=c++03 -pedantic -Wall -Wextra -Wundef -Wcast-align -Wchar-subscripts -Wnon-virtual-dtor -Wunused-local-typedefs -Wpointer-arith -Wwrite-strings -Wformat-security -Wlogical-op -Wdouble-promotion -Wno-psabi -Wno-variadic-macros -Wno-long-long -fno-check-new -fno-common -fstrict-aliasing -ansi    -o CMakeFiles/cmTC_a90fa.dir/CheckSymbolExists.cxx.o -c /Users/xos81802/CLionProjects/aligner/src/eigen-eigen-323c052e1731/build/CMakeFiles/CMakeTmp/CheckSymbolExists.cxx
/Users/xos81802/CLionProjects/aligner/src/eigen-eigen-323c052e1731/build/CMakeFiles/CMakeTmp/CheckSymbolExists.cxx: In function 'int main(int, char**)':
/Users/xos81802/CLionProjects/aligner/src/eigen-eigen-323c052e1731/build/CMakeFiles/CMakeTmp/CheckSymbolExists.cxx:8:19: error: 'Q_WS_QWS' was not declared in this scope
   return ((int*)(&Q_WS_QWS))[argc];
                   ^~~~~~~~
/Users/xos81802/CLionProjects/aligner/src/eigen-eigen-323c052e1731/build/CMakeFiles/CMakeTmp/CheckSymbolExists.cxx:8:19: note: suggested alternative: 'Q_WS_MAC'
   return ((int*)(&Q_WS_QWS))[argc];
                   ^~~~~~~~
                   Q_WS_MAC
make[1]: *** [CMakeFiles/cmTC_a90fa.dir/CheckSymbolExists.cxx.o] Error 1
make: *** [cmTC_a90fa/fast] Error 2


File /Users/xos81802/CLionProjects/aligner/src/eigen-eigen-323c052e1731/build/CMakeFiles/CMakeTmp/CheckSymbolExists.cxx:
/* */
#include <QtCore/qglobal.h>

int main(int argc, char** argv)
{
  (void)argv;
#ifndef Q_WS_QWS
  return ((int*)(&Q_WS_QWS))[argc];
#else
  (void)argc;
  return 0;
#endif
}

Performing C SOURCE FILE Test SCOTCH_Num_4 failed with the following compile output:
Change Dir: /Users/xos81802/CLionProjects/aligner/src/eigen-eigen-323c052e1731/build/CMakeFiles/CMakeTmp

Run Build Command(s):/usr/bin/make cmTC_53db5/fast && /Applications/Xcode.app/Contents/Developer/usr/bin/make -f CMakeFiles/cmTC_53db5.dir/build.make CMakeFiles/cmTC_53db5.dir/build
Building C object CMakeFiles/cmTC_53db5.dir/src.c.o
/usr/local/Cellar/gcc/8.3.0_2/bin/gcc-8   -DSCOTCH_Num_4 -fopenmp   -o CMakeFiles/cmTC_53db5.dir/src.c.o   -c /Users/xos81802/CLionProjects/aligner/src/eigen-eigen-323c052e1731/build/CMakeFiles/CMakeTmp/src.c
/Users/xos81802/CLionProjects/aligner/src/eigen-eigen-323c052e1731/build/CMakeFiles/CMakeTmp/src.c:4:10: fatal error: scotch.h: No such file or directory
 #include <scotch.h>
          ^~~~~~~~~~
compilation terminated.
make[1]: *** [CMakeFiles/cmTC_53db5.dir/src.c.o] Error 1
make: *** [cmTC_53db5/fast] Error 2


...and run output:

Return value: 1
Source file was:

#include <stdio.h>
#include <stdint.h>
#include <scotch.h>
int main(int argc, char **argv) {
  if (sizeof(SCOTCH_Num) == 4)
    return 0;
  else
    return 1;
}

Performing C SOURCE FILE Test SCOTCH_Num_8 failed with the following compile output:
Change Dir: /Users/xos81802/CLionProjects/aligner/src/eigen-eigen-323c052e1731/build/CMakeFiles/CMakeTmp

Run Build Command(s):/usr/bin/make cmTC_ac1d5/fast && /Applications/Xcode.app/Contents/Developer/usr/bin/make -f CMakeFiles/cmTC_ac1d5.dir/build.make CMakeFiles/cmTC_ac1d5.dir/build
Building C object CMakeFiles/cmTC_ac1d5.dir/src.c.o
/usr/local/Cellar/gcc/8.3.0_2/bin/gcc-8   -DSCOTCH_Num_8 -fopenmp   -o CMakeFiles/cmTC_ac1d5.dir/src.c.o   -c /Users/xos81802/CLionProjects/aligner/src/eigen-eigen-323c052e1731/build/CMakeFiles/CMakeTmp/src.c
/Users/xos81802/CLionProjects/aligner/src/eigen-eigen-323c052e1731/build/CMakeFiles/CMakeTmp/src.c:4:10: fatal error: scotch.h: No such file or directory
 #include <scotch.h>
          ^~~~~~~~~~
compilation terminated.
make[1]: *** [CMakeFiles/cmTC_ac1d5.dir/src.c.o] Error 1
make: *** [cmTC_ac1d5/fast] Error 2


...and run output:

Return value: 1
Source file was:

#include <stdio.h>
#include <stdint.h>
#include <scotch.h>
int main(int argc, char **argv) {
  if (sizeof(SCOTCH_Num) == 8)
    return 0;
  else
    return 1;
}

Performing C SOURCE FILE Test PTSCOTCH_Num_4 failed with the following compile output:
Change Dir: /Users/xos81802/CLionProjects/aligner/src/eigen-eigen-323c052e1731/build/CMakeFiles/CMakeTmp

Run Build Command(s):/usr/bin/make cmTC_b3357/fast && /Applications/Xcode.app/Contents/Developer/usr/bin/make -f CMakeFiles/cmTC_b3357.dir/build.make CMakeFiles/cmTC_b3357.dir/build
Building C object CMakeFiles/cmTC_b3357.dir/src.c.o
/usr/local/Cellar/gcc/8.3.0_2/bin/gcc-8   -DPTSCOTCH_Num_4 -fopenmp   -o CMakeFiles/cmTC_b3357.dir/src.c.o   -c /Users/xos81802/CLionProjects/aligner/src/eigen-eigen-323c052e1731/build/CMakeFiles/CMakeTmp/src.c
/Users/xos81802/CLionProjects/aligner/src/eigen-eigen-323c052e1731/build/CMakeFiles/CMakeTmp/src.c:4:10: fatal error: ptscotch.h: No such file or directory
 #include <ptscotch.h>
          ^~~~~~~~~~~~
compilation terminated.
make[1]: *** [CMakeFiles/cmTC_b3357.dir/src.c.o] Error 1
make: *** [cmTC_b3357/fast] Error 2


...and run output:

Return value: 1
Source file was:

#include <stdio.h>
#include <stdint.h>
#include <ptscotch.h>
int main(int argc, char **argv) {
  if (sizeof(SCOTCH_Num) == 4)
    return 0;
  else
    return 1;
}

Performing C SOURCE FILE Test PTSCOTCH_Num_8 failed with the following compile output:
Change Dir: /Users/xos81802/CLionProjects/aligner/src/eigen-eigen-323c052e1731/build/CMakeFiles/CMakeTmp

Run Build Command(s):/usr/bin/make cmTC_327f4/fast && /Applications/Xcode.app/Contents/Developer/usr/bin/make -f CMakeFiles/cmTC_327f4.dir/build.make CMakeFiles/cmTC_327f4.dir/build
Building C object CMakeFiles/cmTC_327f4.dir/src.c.o
/usr/local/Cellar/gcc/8.3.0_2/bin/gcc-8   -DPTSCOTCH_Num_8 -fopenmp   -o CMakeFiles/cmTC_327f4.dir/src.c.o   -c /Users/xos81802/CLionProjects/aligner/src/eigen-eigen-323c052e1731/build/CMakeFiles/CMakeTmp/src.c
/Users/xos81802/CLionProjects/aligner/src/eigen-eigen-323c052e1731/build/CMakeFiles/CMakeTmp/src.c:4:10: fatal error: ptscotch.h: No such file or directory
 #include <ptscotch.h>
          ^~~~~~~~~~~~
compilation terminated.
make[1]: *** [CMakeFiles/cmTC_327f4.dir/src.c.o] Error 1
make: *** [cmTC_327f4/fast] Error 2


...and run output:

Return value: 1
Source file was:

#include <stdio.h>
#include <stdint.h>
#include <ptscotch.h>
int main(int argc, char **argv) {
  if (sizeof(SCOTCH_Num) == 8)
    return 0;
  else
    return 1;
}

